<?xml version="1.0" encoding="UTF-8"?>
<!-- Generated by org.testng.reporters.JUnitReportReporter -->
<testsuite hostname="Riddhi.local" failures="0" tests="3" name="testclass.PurchasePageTest" time="55.368" errors="0" timestamp="2023-09-13T00:19:24 GMT-04:00" skipped="0">
  <testcase classname="testclass.PurchasePageTest" name="verifyWatchName" time="13.616"/>
  <testcase classname="testclass.PurchasePageTest" name="viewImageTest" time="20.450"/>
  <testcase classname="testclass.PurchasePageTest" name="clickOnAddtoBasketTest" time="21.302"/>
</testsuite> <!-- testclass.PurchasePageTest -->
