<?xml version="1.0" encoding="UTF-8"?>
<!-- Generated by org.testng.reporters.JUnitReportReporter -->
<testsuite hostname="Riddhi.local" failures="0" tests="3" name="testclass.WatchPageTest" time="69.761" errors="0" timestamp="2023-09-12T10:11:20 GMT-04:00" skipped="0">
  <testcase classname="testclass.WatchPageTest" name="verifyWatchName" time="19.337"/>
  <testcase classname="testclass.WatchPageTest" name="ViewImage3DTest" time="31.217"/>
  <testcase classname="testclass.WatchPageTest" name="buyButtonTest" time="19.207"/>
</testsuite> <!-- testclass.WatchPageTest -->
