<?xml version="1.0" encoding="UTF-8"?>
<!-- Generated by org.testng.reporters.JUnitReportReporter -->
<testsuite hostname="Riddhi.local" failures="0" tests="4" name="testclass.SearchPageTest" time="40.753" errors="0" timestamp="2023-09-13T00:19:24 GMT-04:00" skipped="0">
  <testcase classname="testclass.SearchPageTest" name="verifysearchResultTitleTest" time="9.295"/>
  <testcase classname="testclass.SearchPageTest" name="numberOfResultTest" time="9.125"/>
  <testcase classname="testclass.SearchPageTest" name="verifyWatchImageAndNameTest" time="9.695"/>
  <testcase classname="testclass.SearchPageTest" name="clickOnWatchToPurchase" time="12.638"/>
</testsuite> <!-- testclass.SearchPageTest -->
