<?xml version="1.0" encoding="UTF-8"?>
<!-- Generated by org.testng.reporters.JUnitReportReporter -->
<testsuite hostname="Riddhi.local" failures="0" tests="4" name="testclass.HomePageTest" time="30.972" errors="0" timestamp="2023-09-12T17:25:52 GMT-04:00" skipped="0">
  <testcase classname="testclass.HomePageTest" name="verifyHomePageTitleTest" time="8.696"/>
  <testcase classname="testclass.HomePageTest" name="GoogleLogoImageTest" time="5.413"/>
  <testcase classname="testclass.HomePageTest" name="ValidateLabelTest" time="5.785"/>
  <testcase classname="testclass.HomePageTest" name="searchTest" time="11.078"/>
</testsuite> <!-- testclass.HomePageTest -->
