<?xml version="1.0" encoding="UTF-8"?>
<!-- Generated by org.testng.reporters.JUnitReportReporter -->
<testsuite hostname="Riddhi.local" failures="0" tests="4" name="testclass.BasketOverViewTest" time="125.337" errors="0" timestamp="2023-09-13T00:19:24 GMT-04:00" skipped="0">
  <testcase classname="testclass.BasketOverViewTest" name="verifyQuantityTest" time="27.499"/>
  <testcase classname="testclass.BasketOverViewTest" name="clickonRemoveButtonTest" time="33.571"/>
  <testcase classname="testclass.BasketOverViewTest" name="clickOncontinueShoppoingTest" time="31.436"/>
  <testcase classname="testclass.BasketOverViewTest" name="clickOnSignInAndCheckOutTest" time="32.831"/>
</testsuite> <!-- testclass.BasketOverViewTest -->
