<?xml version="1.0" encoding="UTF-8"?>
<!-- Generated by org.testng.reporters.JUnitReportReporter -->
<testsuite hostname="Riddhi.local" failures="0" tests="5" name="testclass.PurchasePageTest" time="100.567" errors="0" timestamp="2023-09-12T17:25:52 GMT-04:00" skipped="0">
  <testcase classname="testclass.PurchasePageTest" name="verifyWatchName" time="17.147"/>
  <testcase classname="testclass.PurchasePageTest" name="viewImageTest" time="22.115"/>
  <testcase classname="testclass.PurchasePageTest" name="clickOnchalkbandTest" time="17.461"/>
  <testcase classname="testclass.PurchasePageTest" name="clickOnConnectivityOptionTest" time="19.961"/>
  <testcase classname="testclass.PurchasePageTest" name="clickOnAddtoBasketTest" time="23.883"/>
</testsuite> <!-- testclass.PurchasePageTest -->
