<?xml version="1.0" encoding="UTF-8"?>
<!-- Generated by org.testng.reporters.JUnitReportReporter -->
<testsuite hostname="Riddhi.local" failures="0" tests="2" name="testclass.AddtoCartPageTest" time="49.430" errors="0" timestamp="2023-09-13T00:19:24 GMT-04:00" skipped="0">
  <testcase classname="testclass.AddtoCartPageTest" name="verifyAddedLabelTest" time="22.878"/>
  <testcase classname="testclass.AddtoCartPageTest" name="clickonGoToBasketButtonTest" time="26.552"/>
</testsuite> <!-- testclass.AddtoCartPageTest -->
