<?xml version="1.0" encoding="UTF-8"?>
<!-- Generated by org.testng.reporters.JUnitReportReporter -->
<testsuite hostname="Riddhi.local" failures="0" tests="4" name="testclass.GmailSignInPageTest" time="139.948" errors="0" timestamp="2023-09-12T17:25:52 GMT-04:00" skipped="0">
  <testcase classname="testclass.GmailSignInPageTest" name="loginEmailWithSpecialCharTest" time="34.254"/>
  <testcase classname="testclass.GmailSignInPageTest" name="loginWithEmptyEmailTest" time="35.037"/>
  <testcase classname="testclass.GmailSignInPageTest" name="loginWithWrongEmailTest" time="35.164"/>
  <testcase classname="testclass.GmailSignInPageTest" name="loginWithWrongPhoneTest" time="35.493"/>
</testsuite> <!-- testclass.GmailSignInPageTest -->
