<?xml version="1.0" encoding="UTF-8"?>
<!-- Generated by org.testng.reporters.JUnitReportReporter -->
<testsuite hostname="Riddhi.local" failures="0" tests="3" name="testclass.ProductDetailPageTest" time="50.768" errors="0" timestamp="2023-09-13T00:19:24 GMT-04:00" skipped="0">
  <testcase classname="testclass.ProductDetailPageTest" name="verifyWatchName" time="13.234"/>
  <testcase classname="testclass.ProductDetailPageTest" name="ViewImage3DTest" time="23.835"/>
  <testcase classname="testclass.ProductDetailPageTest" name="buyButtonTest" time="13.699"/>
</testsuite> <!-- testclass.ProductDetailPageTest -->
