<?xml version="1.0" encoding="UTF-8"?>
<!-- Generated by org.testng.reporters.JUnitReportReporter -->
<testsuite hostname="Riddhi.local" failures="0" tests="3" name="testclass.HomePageTest" time="24.444" errors="0" timestamp="2023-09-13T00:19:24 GMT-04:00" skipped="0">
  <testcase classname="testclass.HomePageTest" name="verifyHomePageTitleTest" time="8.956"/>
  <testcase classname="testclass.HomePageTest" name="ValidateLabelTest" time="6.331"/>
  <testcase classname="testclass.HomePageTest" name="searchTest" time="9.157"/>
</testsuite> <!-- testclass.HomePageTest -->
