<?xml version="1.0" encoding="UTF-8"?>
<!-- Generated by org.testng.reporters.JUnitReportReporter -->
<testsuite hostname="Riddhi.local" failures="0" tests="2" name="testclass.BasketPageTest" time="63.469" errors="0" timestamp="2023-09-12T17:25:52 GMT-04:00" skipped="0">
  <testcase classname="testclass.BasketPageTest" name="verifyEmptyLabelTest" time="31.345"/>
  <testcase classname="testclass.BasketPageTest" name="clickonGoToBasketButtonTest" time="32.124"/>
</testsuite> <!-- testclass.BasketPageTest -->
