<?xml version="1.0" encoding="UTF-8"?>
<!-- Generated by org.testng.reporters.JUnitReportReporter -->
<testsuite hostname="Riddhi.local" failures="0" tests="4" name="testclass.BasketOverViewTest" time="118.799" errors="0" timestamp="2023-09-12T17:25:52 GMT-04:00" skipped="0">
  <testcase classname="testclass.BasketOverViewTest" name="verifyQuantityTest" time="25.989"/>
  <testcase classname="testclass.BasketOverViewTest" name="clickonRemoveButtonTest" time="30.819"/>
  <testcase classname="testclass.BasketOverViewTest" name="clickOncontinueShoppoingTest" time="30.089"/>
  <testcase classname="testclass.BasketOverViewTest" name="clickOnSignInAndCheckOutTest" time="31.902"/>
</testsuite> <!-- testclass.BasketOverViewTest -->
