<?xml version="1.0" encoding="UTF-8"?>
<!-- Generated by org.testng.reporters.JUnitReportReporter -->
<testsuite hostname="Riddhi.local" failures="0" tests="2" name="testclass.BasketPageTest" time="68.633" errors="0" timestamp="2023-09-13T00:19:24 GMT-04:00" skipped="0">
  <testcase classname="testclass.BasketPageTest" name="verifyEmptyLabelTest" time="33.842"/>
  <testcase classname="testclass.BasketPageTest" name="clickonGoToBasketButtonTest" time="34.791"/>
</testsuite> <!-- testclass.BasketPageTest -->
