<?xml version="1.0" encoding="UTF-8"?>
<!-- Generated by org.testng.reporters.JUnitReportReporter -->
<testsuite hostname="Riddhi.local" failures="0" tests="4" name="testclass.GmailSignInPageTest" time="149.361" errors="0" timestamp="2023-09-13T00:19:24 GMT-04:00" skipped="0">
  <testcase classname="testclass.GmailSignInPageTest" name="loginEmailWithSpecialCharTest" time="36.929"/>
  <testcase classname="testclass.GmailSignInPageTest" name="loginWithEmptyEmailTest" time="38.942"/>
  <testcase classname="testclass.GmailSignInPageTest" name="loginWithWrongEmailTest" time="36.601"/>
  <testcase classname="testclass.GmailSignInPageTest" name="loginWithWrongPhoneTest" time="36.889"/>
</testsuite> <!-- testclass.GmailSignInPageTest -->
