<?xml version="1.0" encoding="UTF-8"?>
<!-- Generated by org.testng.reporters.JUnitReportReporter -->
<testsuite hostname="Riddhi.local" failures="0" tests="3" name="testclass.ProductDetailPageTest" time="58.536" errors="0" timestamp="2023-09-12T17:25:52 GMT-04:00" skipped="0">
  <testcase classname="testclass.ProductDetailPageTest" name="verifyWatchName" time="15.243"/>
  <testcase classname="testclass.ProductDetailPageTest" name="ViewImage3DTest" time="27.068"/>
  <testcase classname="testclass.ProductDetailPageTest" name="buyButtonTest" time="16.225"/>
</testsuite> <!-- testclass.ProductDetailPageTest -->
