<?xml version="1.0" encoding="UTF-8"?>
<!-- Generated by org.testng.reporters.JUnitReportReporter -->
<testsuite hostname="Riddhi.local" failures="0" tests="5" name="testclass.SearchPageTest" time="56.530" errors="0" timestamp="2023-09-12T17:25:52 GMT-04:00" skipped="0">
  <testcase classname="testclass.SearchPageTest" name="verifysearchResultTitleTest" time="10.470"/>
  <testcase classname="testclass.SearchPageTest" name="numberOfResultTest" time="10.030"/>
  <testcase classname="testclass.SearchPageTest" name="watchImageTest" time="10.824"/>
  <testcase classname="testclass.SearchPageTest" name="watchNameTest" time="9.969"/>
  <testcase classname="testclass.SearchPageTest" name="clickOnWatchToPurchase" time="15.237"/>
</testsuite> <!-- testclass.SearchPageTest -->
