<?xml version="1.0" encoding="UTF-8"?>
<!-- Generated by org.testng.reporters.JUnitReportReporter -->
<testsuite hostname="Riddhi.local" failures="0" tests="5" name="testclass.PurchasePageTest" time="102.416" errors="0" timestamp="2023-09-12T17:07:10 GMT-04:00" skipped="0">
  <testcase classname="testclass.PurchasePageTest" name="verifyWatchName" time="16.360"/>
  <testcase classname="testclass.PurchasePageTest" name="viewImageTest" time="22.636"/>
  <testcase classname="testclass.PurchasePageTest" name="clickOnchalkbandTest" time="17.787"/>
  <testcase classname="testclass.PurchasePageTest" name="clickOnConnectivityOptionTest" time="20.481"/>
  <testcase classname="testclass.PurchasePageTest" name="clickOnAddtoBasketTest" time="25.152"/>
</testsuite> <!-- testclass.PurchasePageTest -->
