<?xml version="1.0" encoding="UTF-8"?>
<!-- Generated by org.testng.reporters.JUnitReportReporter -->
<testsuite hostname="Riddhi.local" failures="0" tests="3" name="testclass.PurchasePageTest" time="57.731" errors="0" timestamp="2023-09-13T00:49:16 GMT-04:00" skipped="0">
  <testcase classname="testclass.PurchasePageTest" name="verifyWatchName" time="14.325"/>
  <testcase classname="testclass.PurchasePageTest" name="viewImageTest" time="20.300"/>
  <testcase classname="testclass.PurchasePageTest" name="clickOnAddtoBasketTest" time="23.106"/>
</testsuite> <!-- testclass.PurchasePageTest -->
