<?xml version="1.0" encoding="UTF-8"?>
<!-- Generated by org.testng.reporters.JUnitReportReporter -->
<testsuite hostname="Riddhi.local" failures="0" tests="4" name="testclass.BasketOverViewTest" time="122.992" errors="0" timestamp="2023-09-12T17:07:10 GMT-04:00" skipped="0">
  <testcase classname="testclass.BasketOverViewTest" name="verifyQuantityTest" time="25.406"/>
  <testcase classname="testclass.BasketOverViewTest" name="clickonRemoveButtonTest" time="36.552"/>
  <testcase classname="testclass.BasketOverViewTest" name="clickOncontinueShoppoingTest" time="29.668"/>
  <testcase classname="testclass.BasketOverViewTest" name="clickOnSignInAndCheckOutTest" time="31.366"/>
</testsuite> <!-- testclass.BasketOverViewTest -->
