<?xml version="1.0" encoding="UTF-8"?>
<!-- Generated by org.testng.reporters.JUnitReportReporter -->
<testsuite hostname="Riddhi.local" failures="0" tests="3" name="testclass.HomePageTest" time="23.377" errors="0" timestamp="2023-09-13T00:49:16 GMT-04:00" skipped="0">
  <testcase classname="testclass.HomePageTest" name="verifyHomePageTitleTest" time="6.069"/>
  <testcase classname="testclass.HomePageTest" name="ValidateLabelTest" time="7.402"/>
  <testcase classname="testclass.HomePageTest" name="searchTest" time="9.906"/>
</testsuite> <!-- testclass.HomePageTest -->
