<?xml version="1.0" encoding="UTF-8"?>
<!-- Generated by org.testng.reporters.JUnitReportReporter -->
<testsuite hostname="Riddhi.local" failures="0" tests="4" name="testclass.GmailSignInPageTest" time="142.506" errors="0" timestamp="2023-09-12T17:07:10 GMT-04:00" skipped="0">
  <testcase classname="testclass.GmailSignInPageTest" name="loginEmailWithSpecialCharTest" time="35.072"/>
  <testcase classname="testclass.GmailSignInPageTest" name="loginWithEmptyEmailTest" time="35.780"/>
  <testcase classname="testclass.GmailSignInPageTest" name="loginWithWrongEmailTest" time="35.995"/>
  <testcase classname="testclass.GmailSignInPageTest" name="loginWithWrongPhoneTest" time="35.659"/>
</testsuite> <!-- testclass.GmailSignInPageTest -->
