<?xml version="1.0" encoding="UTF-8"?>
<!-- Generated by org.testng.reporters.JUnitReportReporter -->
<testsuite hostname="Riddhi.local" failures="0" tests="5" name="testclass.SearchPageTest" time="55.860" errors="0" timestamp="2023-09-12T17:07:10 GMT-04:00" skipped="0">
  <testcase classname="testclass.SearchPageTest" name="verifysearchResultTitleTest" time="10.179"/>
  <testcase classname="testclass.SearchPageTest" name="numberOfResultTest" time="10.038"/>
  <testcase classname="testclass.SearchPageTest" name="watchImageTest" time="10.069"/>
  <testcase classname="testclass.SearchPageTest" name="watchNameTest" time="10.566"/>
  <testcase classname="testclass.SearchPageTest" name="clickOnWatchToPurchase" time="15.008"/>
</testsuite> <!-- testclass.SearchPageTest -->
