<?xml version="1.0" encoding="UTF-8"?>
<!-- Generated by org.testng.reporters.JUnitReportReporter -->
<testsuite hostname="Riddhi.local" failures="0" tests="4" name="testclass.GmailSignInPageTest" time="161.589" errors="0" timestamp="2023-09-13T00:49:16 GMT-04:00" skipped="0">
  <testcase classname="testclass.GmailSignInPageTest" name="loginEmailWithSpecialCharTest" time="38.643"/>
  <testcase classname="testclass.GmailSignInPageTest" name="loginWithEmptyEmailTest" time="44.471"/>
  <testcase classname="testclass.GmailSignInPageTest" name="loginWithWrongEmailTest" time="38.584"/>
  <testcase classname="testclass.GmailSignInPageTest" name="loginWithWrongPhoneTest" time="39.891"/>
</testsuite> <!-- testclass.GmailSignInPageTest -->
