<?xml version="1.0" encoding="UTF-8"?>
<!-- Generated by org.testng.reporters.JUnitReportReporter -->
<testsuite hostname="Riddhi.local" failures="0" tests="4" name="testclass.SearchPageTest" time="42.985" errors="0" timestamp="2023-09-13T00:49:16 GMT-04:00" skipped="0">
  <testcase classname="testclass.SearchPageTest" name="verifysearchResultTitleTest" time="10.210"/>
  <testcase classname="testclass.SearchPageTest" name="numberOfResultTest" time="9.962"/>
  <testcase classname="testclass.SearchPageTest" name="verifyWatchImageAndNameTest" time="9.973"/>
  <testcase classname="testclass.SearchPageTest" name="clickOnWatchToPurchase" time="12.840"/>
</testsuite> <!-- testclass.SearchPageTest -->
