<?xml version="1.0" encoding="UTF-8"?>
<!-- Generated by org.testng.reporters.JUnitReportReporter -->
<testsuite hostname="Riddhi.local" failures="0" tests="4" name="testclass.HomePageTest" time="28.743" errors="0" timestamp="2023-09-12T17:07:10 GMT-04:00" skipped="0">
  <testcase classname="testclass.HomePageTest" name="verifyHomePageTitleTest" time="5.505"/>
  <testcase classname="testclass.HomePageTest" name="GoogleLogoImageTest" time="5.450"/>
  <testcase classname="testclass.HomePageTest" name="ValidateLabelTest" time="6.527"/>
  <testcase classname="testclass.HomePageTest" name="searchTest" time="11.261"/>
</testsuite> <!-- testclass.HomePageTest -->
