<?xml version="1.0" encoding="UTF-8"?>
<!-- Generated by org.testng.reporters.JUnitReportReporter -->
<testsuite hostname="Riddhi.local" failures="0" tests="2" name="testclass.AddtoCartPageTest" time="87.900" errors="0" timestamp="2023-09-13T00:49:16 GMT-04:00" skipped="0">
  <testcase classname="testclass.AddtoCartPageTest" name="verifyAddedLabelTest" time="40.296"/>
  <testcase classname="testclass.AddtoCartPageTest" name="clickonGoToBasketButtonTest" time="47.604"/>
</testsuite> <!-- testclass.AddtoCartPageTest -->
