<?xml version="1.0" encoding="UTF-8"?>
<!-- Generated by org.testng.reporters.JUnitReportReporter -->
<testsuite hostname="Riddhi.local" failures="0" tests="3" name="testclass.ProductDetailPageTest" time="60.055" errors="0" timestamp="2023-09-12T17:07:10 GMT-04:00" skipped="0">
  <testcase classname="testclass.ProductDetailPageTest" name="verifyWatchName" time="16.473"/>
  <testcase classname="testclass.ProductDetailPageTest" name="ViewImage3DTest" time="28.071"/>
  <testcase classname="testclass.ProductDetailPageTest" name="buyButtonTest" time="15.511"/>
</testsuite> <!-- testclass.ProductDetailPageTest -->
