<?xml version="1.0" encoding="UTF-8"?>
<!-- Generated by org.testng.reporters.JUnitReportReporter -->
<testsuite hostname="Riddhi.local" failures="0" tests="3" name="testclass.ProductDetailPageTest" time="54.016" errors="0" timestamp="2023-09-13T00:49:16 GMT-04:00" skipped="0">
  <testcase classname="testclass.ProductDetailPageTest" name="verifyWatchName" time="13.476"/>
  <testcase classname="testclass.ProductDetailPageTest" name="ViewImage3DTest" time="25.664"/>
  <testcase classname="testclass.ProductDetailPageTest" name="buyButtonTest" time="14.876"/>
</testsuite> <!-- testclass.ProductDetailPageTest -->
