<?xml version="1.0" encoding="UTF-8"?>
<!-- Generated by org.testng.reporters.JUnitReportReporter -->
<testsuite hostname="Riddhi.local" failures="0" tests="2" name="testclass.AddtoCartPageTest" time="45.448" errors="0" timestamp="2023-09-12T17:07:10 GMT-04:00" skipped="0">
  <testcase classname="testclass.AddtoCartPageTest" name="verifyAddedLabelTest" time="21.255"/>
  <testcase classname="testclass.AddtoCartPageTest" name="clickonGoToBasketButtonTest" time="24.193"/>
</testsuite> <!-- testclass.AddtoCartPageTest -->
